18:19:32 **** Build of configuration Debug for project SAI_AudioPlay ****
make -j12 all 
arm-none-eabi-gcc "C:/Users/stefa/STM32Cube/Repository/STM32Cube_FW_H7_V1.8.0/Projects/STM32H735G-DK/Examples/SAI/SAI_AudioPlay/Src/main.c" -mcpu=cortex-m7 -std=gnu11 -g3 -DUSE_HAL_DRIVER -DDEBUG -DSTM32H735xx -c -I../../../../../../../Drivers/CMSIS/Device/ST/STM32H7xx/Include -I../../../../../../../Utilities/CPU -I../../../../../../../Drivers/BSP/STM32H735G-DK -I../../../../../../../Utilities/lcd -I../../Inc -I../../../../../../../Drivers/STM32H7xx_HAL_Driver/Inc -I../../../../../../../Drivers/BSP/Components/Common -I../../../../../../../Utilities/Fonts -I../../../../../../../Drivers/CMSIS/Include -O0 -ffunction-sections -fdata-sections -Wall -fstack-usage -MMD -MP -MF"Example/User/main.d" -MT"Example/User/main.o" --specs=nano.specs -mfpu=fpv5-d16 -mfloat-abi=hard -mthumb -o "Example/User/main.o"
arm-none-eabi-gcc "C:/Users/stefa/STM32Cube/Repository/STM32Cube_FW_H7_V1.8.0/Projects/STM32H735G-DK/Examples/SAI/SAI_AudioPlay/Src/stm32h7xx_it.c" -mcpu=cortex-m7 -std=gnu11 -g3 -DUSE_HAL_DRIVER -DDEBUG -DSTM32H735xx -c -I../../../../../../../Drivers/CMSIS/Device/ST/STM32H7xx/Include -I../../../../../../../Utilities/CPU -I../../../../../../../Drivers/BSP/STM32H735G-DK -I../../../../../../../Utilities/lcd -I../../Inc -I../../../../../../../Drivers/STM32H7xx_HAL_Driver/Inc -I../../../../../../../Drivers/BSP/Components/Common -I../../../../../../../Utilities/Fonts -I../../../../../../../Drivers/CMSIS/Include -O0 -ffunction-sections -fdata-sections -Wall -fstack-usage -MMD -MP -MF"Example/User/stm32h7xx_it.d" -MT"Example/User/stm32h7xx_it.o" --specs=nano.specs -mfpu=fpv5-d16 -mfloat-abi=hard -mthumb -o "Example/User/stm32h7xx_it.o"
arm-none-eabi-gcc "../Example/User/syscalls.c" -mcpu=cortex-m7 -std=gnu11 -g3 -DUSE_HAL_DRIVER -DDEBUG -DSTM32H735xx -c -I../../../../../../../Drivers/CMSIS/Device/ST/STM32H7xx/Include -I../../../../../../../Utilities/CPU -I../../../../../../../Drivers/BSP/STM32H735G-DK -I../../../../../../../Utilities/lcd -I../../Inc -I../../../../../../../Drivers/STM32H7xx_HAL_Driver/Inc -I../../../../../../../Drivers/BSP/Components/Common -I../../../../../../../Utilities/Fonts -I../../../../../../../Drivers/CMSIS/Include -O0 -ffunction-sections -fdata-sections -Wall -fstack-usage -MMD -MP -MF"Example/User/syscalls.d" -MT"Example/User/syscalls.o" --specs=nano.specs -mfpu=fpv5-d16 -mfloat-abi=hard -mthumb -o "Example/User/syscalls.o"
arm-none-eabi-gcc "../Example/User/sysmem.c" -mcpu=cortex-m7 -std=gnu11 -g3 -DUSE_HAL_DRIVER -DDEBUG -DSTM32H735xx -c -I../../../../../../../Drivers/CMSIS/Device/ST/STM32H7xx/Include -I../../../../../../../Utilities/CPU -I../../../../../../../Drivers/BSP/STM32H735G-DK -I../../../../../../../Utilities/lcd -I../../Inc -I../../../../../../../Drivers/STM32H7xx_HAL_Driver/Inc -I../../../../../../../Drivers/BSP/Components/Common -I../../../../../../../Utilities/Fonts -I../../../../../../../Drivers/CMSIS/Include -O0 -ffunction-sections -fdata-sections -Wall -fstack-usage -MMD -MP -MF"Example/User/sysmem.d" -MT"Example/User/sysmem.o" --specs=nano.specs -mfpu=fpv5-d16 -mfloat-abi=hard -mthumb -o "Example/User/sysmem.o"
arm-none-eabi-gcc -mcpu=cortex-m7 -g3 -c -x assembler-with-cpp -MMD -MP -MF"Example/Startup/startup_stm32h735igkx.d" -MT"Example/Startup/startup_stm32h735igkx.o" --specs=nano.specs -mfpu=fpv5-d16 -mfloat-abi=hard -mthumb -o "Example/Startup/startup_stm32h735igkx.o" "../Example/Startup/startup_stm32h735igkx.s"
arm-none-eabi-gcc -o "SAI_AudioPlay.elf" @"objects.list"   -mcpu=cortex-m7 -T"C:\Users\stefa\STM32Cube\Repository\STM32Cube_FW_H7_V1.8.0\Projects\STM32H735G-DK\Examples\SAI\SAI_AudioPlay\STM32CubeIDE\STM32H735IGKX_FLASH.ld" --specs=nosys.specs -Wl,-Map="SAI_AudioPlay.map" -Wl,--gc-sections -static --specs=nano.specs -mfpu=fpv5-d16 -mfloat-abi=hard -mthumb -Wl,--start-group -lc -lm -Wl,--end-group
c:\st\stm32cubeide\stm32cubeide\plugins\com.st.stm32cube.ide.mcu.externaltools.gnu-tools-for-stm32.9-2020-q2-update.win32_1.5.0.202011040924\tools\arm-none-eabi\bin\ld.exe: Example/Startup/startup_stm32h735igkx.o: in function `LoopFillZerobss':
C:/Users/stefa/STM32Cube/Repository/STM32Cube_FW_H7_V1.8.0/Projects/STM32H735G-DK/Examples/SAI/SAI_AudioPlay/STM32CubeIDE/Debug/../Example/Startup/startup_stm32h735igkx.s:93: undefined reference to `SystemInit'
c:\st\stm32cubeide\stm32cubeide\plugins\com.st.stm32cube.ide.mcu.externaltools.gnu-tools-for-stm32.9-2020-q2-update.win32_1.5.0.202011040924\tools\arm-none-eabi\bin\ld.exe: Example/User/main.o: in function `main':
C:/Users/stefa/STM32Cube/Repository/STM32Cube_FW_H7_V1.8.0/Projects/STM32H735G-DK/Examples/SAI/SAI_AudioPlay/Src/main.c:80: undefined reference to `HAL_Init'
c:\st\stm32cubeide\stm32cubeide\plugins\com.st.stm32cube.ide.mcu.externaltools.gnu-tools-for-stm32.9-2020-q2-update.win32_1.5.0.202011040924\tools\arm-none-eabi\bin\ld.exe: C:/Users/stefa/STM32Cube/Repository/STM32Cube_FW_H7_V1.8.0/Projects/STM32H735G-DK/Examples/SAI/SAI_AudioPlay/Src/main.c:86: undefined reference to `BSP_LED_Init'
c:\st\stm32cubeide\stm32cubeide\plugins\com.st.stm32cube.ide.mcu.externaltools.gnu-tools-for-stm32.9-2020-q2-update.win32_1.5.0.202011040924\tools\arm-none-eabi\bin\ld.exe: C:/Users/stefa/STM32Cube/Repository/STM32Cube_FW_H7_V1.8.0/Projects/STM32H735G-DK/Examples/SAI/SAI_AudioPlay/Src/main.c:88: undefined reference to `BSP_LED_Init'
c:\st\stm32cubeide\stm32cubeide\plugins\com.st.stm32cube.ide.mcu.externaltools.gnu-tools-for-stm32.9-2020-q2-update.win32_1.5.0.202011040924\tools\arm-none-eabi\bin\ld.exe: C:/Users/stefa/STM32Cube/Repository/STM32Cube_FW_H7_V1.8.0/Projects/STM32H735G-DK/Examples/SAI/SAI_AudioPlay/Src/main.c:108: undefined reference to `HAL_SAI_Transmit_DMA'
c:\st\stm32cubeide\stm32cubeide\plugins\com.st.stm32cube.ide.mcu.externaltools.gnu-tools-for-stm32.9-2020-q2-update.win32_1.5.0.202011040924\tools\arm-none-eabi\bin\ld.exe: C:/Users/stefa/STM32Cube/Repository/STM32Cube_FW_H7_V1.8.0/Projects/STM32H735G-DK/Examples/SAI/SAI_AudioPlay/Src/main.c:116: undefined reference to `BSP_LED_Toggle'
c:\st\stm32cubeide\stm32cubeide\plugins\com.st.stm32cube.ide.mcu.externaltools.gnu-tools-for-stm32.9-2020-q2-update.win32_1.5.0.202011040924\tools\arm-none-eabi\bin\ld.exe: Example/User/main.o: in function `SystemClock_Config':
C:/Users/stefa/STM32Cube/Repository/STM32Cube_FW_H7_V1.8.0/Projects/STM32H735G-DK/Examples/SAI/SAI_AudioPlay/Src/main.c:177: undefined reference to `HAL_PWREx_ConfigSupply'
c:\st\stm32cubeide\stm32cubeide\plugins\com.st.stm32cube.ide.mcu.externaltools.gnu-tools-for-stm32.9-2020-q2-update.win32_1.5.0.202011040924\tools\arm-none-eabi\bin\ld.exe: C:/Users/stefa/STM32Cube/Repository/STM32Cube_FW_H7_V1.8.0/Projects/STM32H735G-DK/Examples/SAI/SAI_AudioPlay/Src/main.c:203: undefined reference to `HAL_RCC_OscConfig'
c:\st\stm32cubeide\stm32cubeide\plugins\com.st.stm32cube.ide.mcu.externaltools.gnu-tools-for-stm32.9-2020-q2-update.win32_1.5.0.202011040924\tools\arm-none-eabi\bin\ld.exe: C:/Users/stefa/STM32Cube/Repository/STM32Cube_FW_H7_V1.8.0/Projects/STM32H735G-DK/Examples/SAI/SAI_AudioPlay/Src/main.c:220: undefined reference to `HAL_RCC_ClockConfig'
c:\st\stm32cubeide\stm32cubeide\plugins\com.st.stm32cube.ide.mcu.externaltools.gnu-tools-for-stm32.9-2020-q2-update.win32_1.5.0.202011040924\tools\arm-none-eabi\bin\ld.exe: Example/User/main.o: in function `WM8994_Probe':
C:/Users/stefa/STM32Cube/Repository/STM32Cube_FW_H7_V1.8.0/Projects/STM32H735G-DK/Examples/SAI/SAI_AudioPlay/Src/main.c:247: undefined reference to `WM8994_RegisterBusIO'
c:\st\stm32cubeide\stm32cubeide\plugins\com.st.stm32cube.ide.mcu.externaltools.gnu-tools-for-stm32.9-2020-q2-update.win32_1.5.0.202011040924\tools\arm-none-eabi\bin\ld.exe: C:/Users/stefa/STM32Cube/Repository/STM32Cube_FW_H7_V1.8.0/Projects/STM32H735G-DK/Examples/SAI/SAI_AudioPlay/Src/main.c:251: undefined reference to `WM8994_Reset'
c:\st\stm32cubeide\stm32cubeide\plugins\com.st.stm32cube.ide.mcu.externaltools.gnu-tools-for-stm32.9-2020-q2-update.win32_1.5.0.202011040924\tools\arm-none-eabi\bin\ld.exe: C:/Users/stefa/STM32Cube/Repository/STM32Cube_FW_H7_V1.8.0/Projects/STM32H735G-DK/Examples/SAI/SAI_AudioPlay/Src/main.c:255: undefined reference to `WM8994_ReadID'
c:\st\stm32cubeide\stm32cubeide\plugins\com.st.stm32cube.ide.mcu.externaltools.gnu-tools-for-stm32.9-2020-q2-update.win32_1.5.0.202011040924\tools\arm-none-eabi\bin\ld.exe: C:/Users/stefa/STM32Cube/Repository/STM32Cube_FW_H7_V1.8.0/Projects/STM32H735G-DK/Examples/SAI/SAI_AudioPlay/Src/main.c:270: undefined reference to `BSP_I2C4_Init'
c:\st\stm32cubeide\stm32cubeide\plugins\com.st.stm32cube.ide.mcu.externaltools.gnu-tools-for-stm32.9-2020-q2-update.win32_1.5.0.202011040924\tools\arm-none-eabi\bin\ld.exe: C:/Users/stefa/STM32Cube/Repository/STM32Cube_FW_H7_V1.8.0/Projects/STM32H735G-DK/Examples/SAI/SAI_AudioPlay/Src/main.c:270: undefined reference to `BSP_I2C4_DeInit'
c:\st\stm32cubeide\stm32cubeide\plugins\com.st.stm32cube.ide.mcu.externaltools.gnu-tools-for-stm32.9-2020-q2-update.win32_1.5.0.202011040924\tools\arm-none-eabi\bin\ld.exe: C:/Users/stefa/STM32Cube/Repository/STM32Cube_FW_H7_V1.8.0/Projects/STM32H735G-DK/Examples/SAI/SAI_AudioPlay/Src/main.c:270: undefined reference to `BSP_I2C4_ReadReg16'
c:\st\stm32cubeide\stm32cubeide\plugins\com.st.stm32cube.ide.mcu.externaltools.gnu-tools-for-stm32.9-2020-q2-update.win32_1.5.0.202011040924\tools\arm-none-eabi\bin\ld.exe: C:/Users/stefa/STM32Cube/Repository/STM32Cube_FW_H7_V1.8.0/Projects/STM32H735G-DK/Examples/SAI/SAI_AudioPlay/Src/main.c:270: undefined reference to `BSP_I2C4_WriteReg16'
c:\st\stm32cubeide\stm32cubeide\plugins\com.st.stm32cube.ide.mcu.externaltools.gnu-tools-for-stm32.9-2020-q2-update.win32_1.5.0.202011040924\tools\arm-none-eabi\bin\ld.exe: C:/Users/stefa/STM32Cube/Repository/STM32Cube_FW_H7_V1.8.0/Projects/STM32H735G-DK/Examples/SAI/SAI_AudioPlay/Src/main.c:270: undefined reference to `BSP_GetTick'
c:\st\stm32cubeide\stm32cubeide\plugins\com.st.stm32cube.ide.mcu.externaltools.gnu-tools-for-stm32.9-2020-q2-update.win32_1.5.0.202011040924\tools\arm-none-eabi\bin\ld.exe: C:/Users/stefa/STM32Cube/Repository/STM32Cube_FW_H7_V1.8.0/Projects/STM32H735G-DK/Examples/SAI/SAI_AudioPlay/Src/main.c:270: undefined reference to `WM8994_Driver'
c:\st\stm32cubeide\stm32cubeide\plugins\com.st.stm32cube.ide.mcu.externaltools.gnu-tools-for-stm32.9-2020-q2-update.win32_1.5.0.202011040924\tools\arm-none-eabi\bin\ld.exe: Example/User/main.o: in function `Playback_Init':
C:/Users/stefa/STM32Cube/Repository/STM32Cube_FW_H7_V1.8.0/Projects/STM32H735G-DK/Examples/SAI/SAI_AudioPlay/Src/main.c:296: undefined reference to `HAL_RCCEx_PeriphCLKConfig'
c:\st\stm32cubeide\stm32cubeide\plugins\com.st.stm32cube.ide.mcu.externaltools.gnu-tools-for-stm32.9-2020-q2-update.win32_1.5.0.202011040924\tools\arm-none-eabi\bin\ld.exe: C:/Users/stefa/STM32Cube/Repository/STM32Cube_FW_H7_V1.8.0/Projects/STM32H735G-DK/Examples/SAI/SAI_AudioPlay/Src/main.c:337: undefined reference to `HAL_SAI_Init'
c:\st\stm32cubeide\stm32cubeide\plugins\com.st.stm32cube.ide.mcu.externaltools.gnu-tools-for-stm32.9-2020-q2-update.win32_1.5.0.202011040924\tools\arm-none-eabi\bin\ld.exe: Example/User/main.o: in function `Error_Handler':
C:/Users/stefa/STM32Cube/Repository/STM32Cube_FW_H7_V1.8.0/Projects/STM32H735G-DK/Examples/SAI/SAI_AudioPlay/Src/main.c:369: undefined reference to `BSP_LED_On'
c:\st\stm32cubeide\stm32cubeide\plugins\com.st.stm32cube.ide.mcu.externaltools.gnu-tools-for-stm32.9-2020-q2-update.win32_1.5.0.202011040924\tools\arm-none-eabi\bin\ld.exe: Example/User/stm32h7xx_it.o: in function `SysTick_Handler':
C:/Users/stefa/STM32Cube/Repository/STM32Cube_FW_H7_V1.8.0/Projects/STM32H735G-DK/Examples/SAI/SAI_AudioPlay/Src/stm32h7xx_it.c:139: undefined reference to `HAL_IncTick'
c:\st\stm32cubeide\stm32cubeide\plugins\com.st.stm32cube.ide.mcu.externaltools.gnu-tools-for-stm32.9-2020-q2-update.win32_1.5.0.202011040924\tools\arm-none-eabi\bin\ld.exe: Example/User/stm32h7xx_it.o: in function `DMA2_Stream6_IRQHandler':
C:/Users/stefa/STM32Cube/Repository/STM32Cube_FW_H7_V1.8.0/Projects/STM32H735G-DK/Examples/SAI/SAI_AudioPlay/Src/stm32h7xx_it.c:156: undefined reference to `HAL_DMA_IRQHandler'
collect2.exe: error: ld returned 1 exit status
make: *** [makefile:57: SAI_AudioPlay.elf] Error 1
"make -j12 all" terminated with exit code 2. Build might be incomplete.
